[05-Aug-2016 17:55:11 UTC] WordPress database error Duplicate column name 'term_reverse' for query ALTER TABLE wp_relevanssi ADD COLUMN term_reverse VARCHAR(50); made by activate_plugins, activate_plugin, do_action('activate_relevanssi/relevanssi.php'), call_user_func_array, relevanssi_install, _relevanssi_install, relevanssi_create_database_tables
[05-Aug-2016 17:55:11 UTC] WordPress database error Duplicate key name 'relevanssi_term_reverse_idx' for query CREATE INDEX relevanssi_term_reverse_idx ON wp_relevanssi (term_reverse(10)); made by activate_plugins, activate_plugin, do_action('activate_relevanssi/relevanssi.php'), call_user_func_array, relevanssi_install, _relevanssi_install, relevanssi_create_database_tables
[05-Aug-2016 17:55:11 UTC] WordPress database error Table 'wpboiler.cerber_acl' doesn't exist for query SELECT tag FROM cerber_acl WHERE ip = '192.168.50.1' made by activate_plugins, activate_plugin, include_once('/plugins/wp-cerber/wp-cerber.php'), WP_Cerber->__construct, cerber_is_allowed, cerber_acl_check
[05-Aug-2016 17:55:11 UTC] WordPress database error Table 'wpboiler.cerber_acl' doesn't exist for query SELECT tag FROM cerber_acl WHERE ip = '192.168.50.*' made by activate_plugins, activate_plugin, include_once('/plugins/wp-cerber/wp-cerber.php'), WP_Cerber->__construct, cerber_is_allowed, cerber_acl_check
[05-Aug-2016 17:55:11 UTC] WordPress database error Table 'wpboiler.cerber_blocks' doesn't exist for query DELETE FROM cerber_blocks WHERE block_until < 1470419711 made by activate_plugins, activate_plugin, include_once('/plugins/wp-cerber/wp-cerber.php'), WP_Cerber->__construct, cerber_is_allowed, cerber_block_check, cerber_block_garbage_collector
[05-Aug-2016 17:55:11 UTC] WordPress database error Table 'wpboiler.cerber_blocks' doesn't exist for query SELECT count(ip) FROM cerber_blocks WHERE ip = '192.168.50.1' made by activate_plugins, activate_plugin, include_once('/plugins/wp-cerber/wp-cerber.php'), WP_Cerber->__construct, cerber_is_allowed, cerber_block_check
[05-Aug-2016 17:55:11 UTC] WordPress database error Table 'wpboiler.cerber_blocks' doesn't exist for query SELECT count(ip) FROM cerber_blocks WHERE ip = '192.168.50.*' made by activate_plugins, activate_plugin, include_once('/plugins/wp-cerber/wp-cerber.php'), WP_Cerber->__construct, cerber_is_allowed, cerber_block_check
[05-Aug-2016 17:55:11 UTC] PHP Notice:  get_currentuserinfo is <strong>deprecated</strong> since version 4.5! Use wp_get_current_user() instead. in /srv/www/wpboiler/htdocs/wp-includes/functions.php on line 3658
[05-Aug-2016 17:55:11 UTC] PHP Notice:  Undefined index: loginpath in /srv/www/wpboiler/htdocs/wp-content/plugins/wp-cerber/settings.php on line 421
[27-Sep-2017 19:21:20 UTC] PHP Notice:  Undefined offset: 1 in /srv/www/wp-boilerplate/htdocs/wp-admin/includes/dashboard.php on line 1214
[19-Jun-2018 16:45:40 UTC] PHP Deprecated:  __autoload() is deprecated, use spl_autoload_register() instead in /srv/www/wp-boilerplate/htdocs/wp-includes/compat.php on line 502
[19-Jun-2018 16:45:41 UTC] PHP Deprecated:  __autoload() is deprecated, use spl_autoload_register() instead in /srv/www/wp-boilerplate/htdocs/wp-includes/compat.php on line 502
[19-Jun-2018 16:45:46 UTC] PHP Deprecated:  __autoload() is deprecated, use spl_autoload_register() instead in /srv/www/wp-boilerplate/htdocs/wp-includes/compat.php on line 502
[19-Jun-2018 16:45:47 UTC] PHP Deprecated:  __autoload() is deprecated, use spl_autoload_register() instead in /srv/www/wp-boilerplate/htdocs/wp-includes/compat.php on line 502
[19-Jun-2018 16:45:48 UTC] PHP Deprecated:  __autoload() is deprecated, use spl_autoload_register() instead in /srv/www/wp-boilerplate/htdocs/wp-includes/compat.php on line 502
[19-Jun-2018 16:45:48 UTC] PHP Deprecated:  __autoload() is deprecated, use spl_autoload_register() instead in /srv/www/wp-boilerplate/htdocs/wp-includes/compat.php on line 502
[19-Jun-2018 16:45:49 UTC] PHP Deprecated:  __autoload() is deprecated, use spl_autoload_register() instead in /srv/www/wp-boilerplate/htdocs/wp-includes/compat.php on line 502
[19-Jun-2018 16:45:49 UTC] PHP Deprecated:  __autoload() is deprecated, use spl_autoload_register() instead in /srv/www/wp-boilerplate/htdocs/wp-includes/compat.php on line 502
[19-Jun-2018 16:45:50 UTC] PHP Deprecated:  __autoload() is deprecated, use spl_autoload_register() instead in /srv/www/wp-boilerplate/htdocs/wp-includes/compat.php on line 502
[19-Jun-2018 16:45:51 UTC] PHP Deprecated:  __autoload() is deprecated, use spl_autoload_register() instead in /srv/www/wp-boilerplate/htdocs/wp-includes/compat.php on line 502
[17-Jul-2018 19:57:24 UTC] PHP Deprecated:  __autoload() is deprecated, use spl_autoload_register() instead in /srv/www/wp-boilerplate/htdocs/wp-includes/compat.php on line 502
[17-Jul-2018 19:57:25 UTC] PHP Deprecated:  __autoload() is deprecated, use spl_autoload_register() instead in /srv/www/wp-boilerplate/htdocs/wp-includes/compat.php on line 502
[17-Jul-2018 19:57:31 UTC] PHP Deprecated:  __autoload() is deprecated, use spl_autoload_register() instead in /srv/www/wp-boilerplate/htdocs/wp-includes/compat.php on line 502
[17-Jul-2018 19:57:32 UTC] PHP Deprecated:  __autoload() is deprecated, use spl_autoload_register() instead in /srv/www/wp-boilerplate/htdocs/wp-includes/compat.php on line 502
[17-Jul-2018 19:57:32 UTC] PHP Deprecated:  __autoload() is deprecated, use spl_autoload_register() instead in /srv/www/wp-boilerplate/htdocs/wp-includes/compat.php on line 502
[17-Jul-2018 19:57:33 UTC] PHP Deprecated:  __autoload() is deprecated, use spl_autoload_register() instead in /srv/www/wp-boilerplate/htdocs/wp-includes/compat.php on line 502
[17-Jul-2018 19:57:34 UTC] PHP Deprecated:  __autoload() is deprecated, use spl_autoload_register() instead in /srv/www/wp-boilerplate/htdocs/wp-includes/compat.php on line 502
[17-Jul-2018 19:57:34 UTC] PHP Deprecated:  __autoload() is deprecated, use spl_autoload_register() instead in /srv/www/wp-boilerplate/htdocs/wp-includes/compat.php on line 502
[17-Jul-2018 19:57:35 UTC] PHP Deprecated:  __autoload() is deprecated, use spl_autoload_register() instead in /srv/www/wp-boilerplate/htdocs/wp-includes/compat.php on line 502
[17-Jul-2018 19:57:36 UTC] PHP Deprecated:  __autoload() is deprecated, use spl_autoload_register() instead in /srv/www/wp-boilerplate/htdocs/wp-includes/compat.php on line 502
[17-Jul-2018 20:26:01 UTC] PHP Deprecated:  __autoload() is deprecated, use spl_autoload_register() instead in /srv/www/wp-boilerplate/htdocs/wp-includes/compat.php on line 502
[17-Jul-2018 20:26:01 UTC] PHP Deprecated:  __autoload() is deprecated, use spl_autoload_register() instead in /srv/www/wp-boilerplate/htdocs/wp-includes/compat.php on line 502
[17-Jul-2018 20:26:07 UTC] PHP Deprecated:  __autoload() is deprecated, use spl_autoload_register() instead in /srv/www/wp-boilerplate/htdocs/wp-includes/compat.php on line 502
[17-Jul-2018 20:26:07 UTC] PHP Deprecated:  __autoload() is deprecated, use spl_autoload_register() instead in /srv/www/wp-boilerplate/htdocs/wp-includes/compat.php on line 502
[17-Jul-2018 20:26:08 UTC] PHP Deprecated:  __autoload() is deprecated, use spl_autoload_register() instead in /srv/www/wp-boilerplate/htdocs/wp-includes/compat.php on line 502
[17-Jul-2018 20:26:09 UTC] PHP Deprecated:  __autoload() is deprecated, use spl_autoload_register() instead in /srv/www/wp-boilerplate/htdocs/wp-includes/compat.php on line 502
[17-Jul-2018 20:26:09 UTC] PHP Deprecated:  __autoload() is deprecated, use spl_autoload_register() instead in /srv/www/wp-boilerplate/htdocs/wp-includes/compat.php on line 502
[17-Jul-2018 20:26:10 UTC] PHP Deprecated:  __autoload() is deprecated, use spl_autoload_register() instead in /srv/www/wp-boilerplate/htdocs/wp-includes/compat.php on line 502
[17-Jul-2018 20:26:11 UTC] PHP Deprecated:  __autoload() is deprecated, use spl_autoload_register() instead in /srv/www/wp-boilerplate/htdocs/wp-includes/compat.php on line 502
[17-Jul-2018 20:26:11 UTC] PHP Deprecated:  __autoload() is deprecated, use spl_autoload_register() instead in /srv/www/wp-boilerplate/htdocs/wp-includes/compat.php on line 502
[17-Jul-2018 20:47:22 UTC] PHP Deprecated:  __autoload() is deprecated, use spl_autoload_register() instead in /srv/www/wp-boilerplate/htdocs/wp-includes/compat.php on line 502
[17-Jul-2018 20:47:23 UTC] PHP Deprecated:  __autoload() is deprecated, use spl_autoload_register() instead in /srv/www/wp-boilerplate/htdocs/wp-includes/compat.php on line 502
[17-Jul-2018 20:47:28 UTC] PHP Deprecated:  __autoload() is deprecated, use spl_autoload_register() instead in /srv/www/wp-boilerplate/htdocs/wp-includes/compat.php on line 502
[17-Jul-2018 20:47:28 UTC] PHP Deprecated:  __autoload() is deprecated, use spl_autoload_register() instead in /srv/www/wp-boilerplate/htdocs/wp-includes/compat.php on line 502
[17-Jul-2018 20:47:29 UTC] PHP Deprecated:  __autoload() is deprecated, use spl_autoload_register() instead in /srv/www/wp-boilerplate/htdocs/wp-includes/compat.php on line 502
[17-Jul-2018 20:47:30 UTC] PHP Deprecated:  __autoload() is deprecated, use spl_autoload_register() instead in /srv/www/wp-boilerplate/htdocs/wp-includes/compat.php on line 502
[17-Jul-2018 20:47:30 UTC] PHP Deprecated:  __autoload() is deprecated, use spl_autoload_register() instead in /srv/www/wp-boilerplate/htdocs/wp-includes/compat.php on line 502
[17-Jul-2018 20:47:31 UTC] PHP Deprecated:  __autoload() is deprecated, use spl_autoload_register() instead in /srv/www/wp-boilerplate/htdocs/wp-includes/compat.php on line 502
[17-Jul-2018 20:47:31 UTC] PHP Deprecated:  __autoload() is deprecated, use spl_autoload_register() instead in /srv/www/wp-boilerplate/htdocs/wp-includes/compat.php on line 502
[17-Jul-2018 20:47:32 UTC] PHP Deprecated:  __autoload() is deprecated, use spl_autoload_register() instead in /srv/www/wp-boilerplate/htdocs/wp-includes/compat.php on line 502
[17-Jul-2018 21:02:39 UTC] PHP Deprecated:  __autoload() is deprecated, use spl_autoload_register() instead in /srv/www/wp-boilerplate/htdocs/wp-includes/compat.php on line 502
[17-Jul-2018 21:02:40 UTC] PHP Deprecated:  __autoload() is deprecated, use spl_autoload_register() instead in /srv/www/wp-boilerplate/htdocs/wp-includes/compat.php on line 502
[17-Jul-2018 21:02:45 UTC] PHP Deprecated:  __autoload() is deprecated, use spl_autoload_register() instead in /srv/www/wp-boilerplate/htdocs/wp-includes/compat.php on line 502
[17-Jul-2018 21:02:45 UTC] PHP Deprecated:  __autoload() is deprecated, use spl_autoload_register() instead in /srv/www/wp-boilerplate/htdocs/wp-includes/compat.php on line 502
[17-Jul-2018 21:02:46 UTC] PHP Deprecated:  __autoload() is deprecated, use spl_autoload_register() instead in /srv/www/wp-boilerplate/htdocs/wp-includes/compat.php on line 502
[17-Jul-2018 21:02:47 UTC] PHP Deprecated:  __autoload() is deprecated, use spl_autoload_register() instead in /srv/www/wp-boilerplate/htdocs/wp-includes/compat.php on line 502
[17-Jul-2018 21:02:47 UTC] PHP Deprecated:  __autoload() is deprecated, use spl_autoload_register() instead in /srv/www/wp-boilerplate/htdocs/wp-includes/compat.php on line 502
[17-Jul-2018 21:02:48 UTC] PHP Deprecated:  __autoload() is deprecated, use spl_autoload_register() instead in /srv/www/wp-boilerplate/htdocs/wp-includes/compat.php on line 502
[17-Jul-2018 21:02:49 UTC] PHP Deprecated:  __autoload() is deprecated, use spl_autoload_register() instead in /srv/www/wp-boilerplate/htdocs/wp-includes/compat.php on line 502
[17-Jul-2018 21:02:49 UTC] PHP Deprecated:  __autoload() is deprecated, use spl_autoload_register() instead in /srv/www/wp-boilerplate/htdocs/wp-includes/compat.php on line 502
[17-Jul-2018 21:42:31 UTC] PHP Deprecated:  __autoload() is deprecated, use spl_autoload_register() instead in /srv/www/wp-boilerplate/htdocs/wp-includes/compat.php on line 502
[17-Jul-2018 21:42:31 UTC] PHP Deprecated:  __autoload() is deprecated, use spl_autoload_register() instead in /srv/www/wp-boilerplate/htdocs/wp-includes/compat.php on line 502
[17-Jul-2018 21:42:36 UTC] PHP Deprecated:  __autoload() is deprecated, use spl_autoload_register() instead in /srv/www/wp-boilerplate/htdocs/wp-includes/compat.php on line 502
[17-Jul-2018 21:42:37 UTC] PHP Deprecated:  __autoload() is deprecated, use spl_autoload_register() instead in /srv/www/wp-boilerplate/htdocs/wp-includes/compat.php on line 502
[17-Jul-2018 21:42:37 UTC] PHP Deprecated:  __autoload() is deprecated, use spl_autoload_register() instead in /srv/www/wp-boilerplate/htdocs/wp-includes/compat.php on line 502
[17-Jul-2018 21:42:38 UTC] PHP Deprecated:  __autoload() is deprecated, use spl_autoload_register() instead in /srv/www/wp-boilerplate/htdocs/wp-includes/compat.php on line 502
[17-Jul-2018 21:42:39 UTC] PHP Deprecated:  __autoload() is deprecated, use spl_autoload_register() instead in /srv/www/wp-boilerplate/htdocs/wp-includes/compat.php on line 502
[17-Jul-2018 21:42:39 UTC] PHP Deprecated:  __autoload() is deprecated, use spl_autoload_register() instead in /srv/www/wp-boilerplate/htdocs/wp-includes/compat.php on line 502
[17-Jul-2018 21:42:40 UTC] PHP Deprecated:  __autoload() is deprecated, use spl_autoload_register() instead in /srv/www/wp-boilerplate/htdocs/wp-includes/compat.php on line 502
[17-Jul-2018 21:42:41 UTC] PHP Deprecated:  __autoload() is deprecated, use spl_autoload_register() instead in /srv/www/wp-boilerplate/htdocs/wp-includes/compat.php on line 502
[25-Jul-2018 16:49:31 UTC] PHP Deprecated:  __autoload() is deprecated, use spl_autoload_register() instead in /srv/www/wp-boilerplate/htdocs/wp-includes/compat.php on line 502
[25-Jul-2018 16:49:32 UTC] PHP Deprecated:  __autoload() is deprecated, use spl_autoload_register() instead in /srv/www/wp-boilerplate/htdocs/wp-includes/compat.php on line 502
[25-Jul-2018 16:49:37 UTC] PHP Deprecated:  __autoload() is deprecated, use spl_autoload_register() instead in /srv/www/wp-boilerplate/htdocs/wp-includes/compat.php on line 502
[25-Jul-2018 16:49:37 UTC] PHP Deprecated:  __autoload() is deprecated, use spl_autoload_register() instead in /srv/www/wp-boilerplate/htdocs/wp-includes/compat.php on line 502
[25-Jul-2018 16:49:38 UTC] PHP Deprecated:  __autoload() is deprecated, use spl_autoload_register() instead in /srv/www/wp-boilerplate/htdocs/wp-includes/compat.php on line 502
[25-Jul-2018 16:49:39 UTC] PHP Deprecated:  __autoload() is deprecated, use spl_autoload_register() instead in /srv/www/wp-boilerplate/htdocs/wp-includes/compat.php on line 502
[25-Jul-2018 16:49:39 UTC] PHP Deprecated:  __autoload() is deprecated, use spl_autoload_register() instead in /srv/www/wp-boilerplate/htdocs/wp-includes/compat.php on line 502
[25-Jul-2018 16:49:40 UTC] PHP Deprecated:  __autoload() is deprecated, use spl_autoload_register() instead in /srv/www/wp-boilerplate/htdocs/wp-includes/compat.php on line 502
[25-Jul-2018 16:49:41 UTC] PHP Deprecated:  __autoload() is deprecated, use spl_autoload_register() instead in /srv/www/wp-boilerplate/htdocs/wp-includes/compat.php on line 502
[25-Jul-2018 16:49:41 UTC] PHP Deprecated:  __autoload() is deprecated, use spl_autoload_register() instead in /srv/www/wp-boilerplate/htdocs/wp-includes/compat.php on line 502
[25-Jul-2018 17:08:48 UTC] PHP Deprecated:  __autoload() is deprecated, use spl_autoload_register() instead in /srv/www/wp-boilerplate/htdocs/wp-includes/compat.php on line 502
[25-Jul-2018 17:08:48 UTC] PHP Deprecated:  __autoload() is deprecated, use spl_autoload_register() instead in /srv/www/wp-boilerplate/htdocs/wp-includes/compat.php on line 502
[25-Jul-2018 17:08:52 UTC] PHP Deprecated:  __autoload() is deprecated, use spl_autoload_register() instead in /srv/www/wp-boilerplate/htdocs/wp-includes/compat.php on line 502
[25-Jul-2018 17:08:53 UTC] PHP Deprecated:  __autoload() is deprecated, use spl_autoload_register() instead in /srv/www/wp-boilerplate/htdocs/wp-includes/compat.php on line 502
[25-Jul-2018 17:08:54 UTC] PHP Deprecated:  __autoload() is deprecated, use spl_autoload_register() instead in /srv/www/wp-boilerplate/htdocs/wp-includes/compat.php on line 502
[25-Jul-2018 17:08:55 UTC] PHP Deprecated:  __autoload() is deprecated, use spl_autoload_register() instead in /srv/www/wp-boilerplate/htdocs/wp-includes/compat.php on line 502
[25-Jul-2018 17:08:55 UTC] PHP Deprecated:  __autoload() is deprecated, use spl_autoload_register() instead in /srv/www/wp-boilerplate/htdocs/wp-includes/compat.php on line 502
[25-Jul-2018 17:08:56 UTC] PHP Deprecated:  __autoload() is deprecated, use spl_autoload_register() instead in /srv/www/wp-boilerplate/htdocs/wp-includes/compat.php on line 502
[25-Jul-2018 17:08:57 UTC] PHP Deprecated:  __autoload() is deprecated, use spl_autoload_register() instead in /srv/www/wp-boilerplate/htdocs/wp-includes/compat.php on line 502
[25-Jul-2018 17:08:58 UTC] PHP Deprecated:  __autoload() is deprecated, use spl_autoload_register() instead in /srv/www/wp-boilerplate/htdocs/wp-includes/compat.php on line 502
[24-Sep-2018 15:54:31 UTC] PHP Deprecated:  __autoload() is deprecated, use spl_autoload_register() instead in /srv/www/wp-boilerplate/htdocs/wp-includes/compat.php on line 502
[24-Sep-2018 15:54:32 UTC] PHP Deprecated:  __autoload() is deprecated, use spl_autoload_register() instead in /srv/www/wp-boilerplate/htdocs/wp-includes/compat.php on line 502
[24-Sep-2018 15:54:38 UTC] PHP Deprecated:  __autoload() is deprecated, use spl_autoload_register() instead in /srv/www/wp-boilerplate/htdocs/wp-includes/compat.php on line 502
[24-Sep-2018 15:54:39 UTC] PHP Deprecated:  __autoload() is deprecated, use spl_autoload_register() instead in /srv/www/wp-boilerplate/htdocs/wp-includes/compat.php on line 502
[24-Sep-2018 15:54:40 UTC] PHP Deprecated:  __autoload() is deprecated, use spl_autoload_register() instead in /srv/www/wp-boilerplate/htdocs/wp-includes/compat.php on line 502
[24-Sep-2018 15:54:40 UTC] PHP Deprecated:  __autoload() is deprecated, use spl_autoload_register() instead in /srv/www/wp-boilerplate/htdocs/wp-includes/compat.php on line 502
[24-Sep-2018 15:54:41 UTC] PHP Deprecated:  __autoload() is deprecated, use spl_autoload_register() instead in /srv/www/wp-boilerplate/htdocs/wp-includes/compat.php on line 502
[24-Sep-2018 15:54:42 UTC] PHP Deprecated:  __autoload() is deprecated, use spl_autoload_register() instead in /srv/www/wp-boilerplate/htdocs/wp-includes/compat.php on line 502
[24-Sep-2018 15:54:42 UTC] PHP Deprecated:  __autoload() is deprecated, use spl_autoload_register() instead in /srv/www/wp-boilerplate/htdocs/wp-includes/compat.php on line 502
[24-Sep-2018 15:54:43 UTC] PHP Deprecated:  __autoload() is deprecated, use spl_autoload_register() instead in /srv/www/wp-boilerplate/htdocs/wp-includes/compat.php on line 502
[24-Sep-2018 16:02:13 UTC] PHP Deprecated:  __autoload() is deprecated, use spl_autoload_register() instead in /srv/www/wp-boilerplate/htdocs/wp-includes/compat.php on line 502
[24-Sep-2018 16:02:13 UTC] PHP Deprecated:  __autoload() is deprecated, use spl_autoload_register() instead in /srv/www/wp-boilerplate/htdocs/wp-includes/compat.php on line 502
[24-Sep-2018 16:02:18 UTC] PHP Deprecated:  __autoload() is deprecated, use spl_autoload_register() instead in /srv/www/wp-boilerplate/htdocs/wp-includes/compat.php on line 502
[24-Sep-2018 16:02:18 UTC] PHP Deprecated:  __autoload() is deprecated, use spl_autoload_register() instead in /srv/www/wp-boilerplate/htdocs/wp-includes/compat.php on line 502
[24-Sep-2018 16:02:19 UTC] PHP Deprecated:  __autoload() is deprecated, use spl_autoload_register() instead in /srv/www/wp-boilerplate/htdocs/wp-includes/compat.php on line 502
[24-Sep-2018 16:02:20 UTC] PHP Deprecated:  __autoload() is deprecated, use spl_autoload_register() instead in /srv/www/wp-boilerplate/htdocs/wp-includes/compat.php on line 502
[24-Sep-2018 16:02:20 UTC] PHP Deprecated:  __autoload() is deprecated, use spl_autoload_register() instead in /srv/www/wp-boilerplate/htdocs/wp-includes/compat.php on line 502
[24-Sep-2018 16:02:21 UTC] PHP Deprecated:  __autoload() is deprecated, use spl_autoload_register() instead in /srv/www/wp-boilerplate/htdocs/wp-includes/compat.php on line 502
[24-Sep-2018 16:02:22 UTC] PHP Deprecated:  __autoload() is deprecated, use spl_autoload_register() instead in /srv/www/wp-boilerplate/htdocs/wp-includes/compat.php on line 502
[24-Sep-2018 16:02:22 UTC] PHP Deprecated:  __autoload() is deprecated, use spl_autoload_register() instead in /srv/www/wp-boilerplate/htdocs/wp-includes/compat.php on line 502
[26-Sep-2018 16:21:55 UTC] PHP Deprecated:  __autoload() is deprecated, use spl_autoload_register() instead in /srv/www/wp-boilerplate/htdocs/wp-includes/compat.php on line 502
[26-Sep-2018 16:21:56 UTC] PHP Deprecated:  __autoload() is deprecated, use spl_autoload_register() instead in /srv/www/wp-boilerplate/htdocs/wp-includes/compat.php on line 502
[26-Sep-2018 16:22:02 UTC] PHP Deprecated:  __autoload() is deprecated, use spl_autoload_register() instead in /srv/www/wp-boilerplate/htdocs/wp-includes/compat.php on line 502
[26-Sep-2018 16:22:03 UTC] PHP Deprecated:  __autoload() is deprecated, use spl_autoload_register() instead in /srv/www/wp-boilerplate/htdocs/wp-includes/compat.php on line 502
[26-Sep-2018 16:22:04 UTC] PHP Deprecated:  __autoload() is deprecated, use spl_autoload_register() instead in /srv/www/wp-boilerplate/htdocs/wp-includes/compat.php on line 502
[26-Sep-2018 16:22:05 UTC] PHP Deprecated:  __autoload() is deprecated, use spl_autoload_register() instead in /srv/www/wp-boilerplate/htdocs/wp-includes/compat.php on line 502
[26-Sep-2018 16:22:05 UTC] PHP Deprecated:  __autoload() is deprecated, use spl_autoload_register() instead in /srv/www/wp-boilerplate/htdocs/wp-includes/compat.php on line 502
[26-Sep-2018 16:22:06 UTC] PHP Deprecated:  __autoload() is deprecated, use spl_autoload_register() instead in /srv/www/wp-boilerplate/htdocs/wp-includes/compat.php on line 502
[26-Sep-2018 16:22:07 UTC] PHP Deprecated:  __autoload() is deprecated, use spl_autoload_register() instead in /srv/www/wp-boilerplate/htdocs/wp-includes/compat.php on line 502
[26-Sep-2018 16:22:07 UTC] PHP Deprecated:  __autoload() is deprecated, use spl_autoload_register() instead in /srv/www/wp-boilerplate/htdocs/wp-includes/compat.php on line 502
[09-Oct-2018 14:53:39 UTC] PHP Deprecated:  __autoload() is deprecated, use spl_autoload_register() instead in /srv/www/wp-boilerplate/htdocs/wp-includes/compat.php on line 502
[09-Oct-2018 14:53:39 UTC] PHP Deprecated:  __autoload() is deprecated, use spl_autoload_register() instead in /srv/www/wp-boilerplate/htdocs/wp-includes/compat.php on line 502
[09-Oct-2018 14:53:44 UTC] PHP Deprecated:  __autoload() is deprecated, use spl_autoload_register() instead in /srv/www/wp-boilerplate/htdocs/wp-includes/compat.php on line 502
[09-Oct-2018 14:53:45 UTC] PHP Deprecated:  __autoload() is deprecated, use spl_autoload_register() instead in /srv/www/wp-boilerplate/htdocs/wp-includes/compat.php on line 502
[09-Oct-2018 14:53:46 UTC] PHP Deprecated:  __autoload() is deprecated, use spl_autoload_register() instead in /srv/www/wp-boilerplate/htdocs/wp-includes/compat.php on line 502
[09-Oct-2018 14:53:47 UTC] PHP Deprecated:  __autoload() is deprecated, use spl_autoload_register() instead in /srv/www/wp-boilerplate/htdocs/wp-includes/compat.php on line 502
[09-Oct-2018 14:53:47 UTC] PHP Deprecated:  __autoload() is deprecated, use spl_autoload_register() instead in /srv/www/wp-boilerplate/htdocs/wp-includes/compat.php on line 502
[09-Oct-2018 14:53:48 UTC] PHP Deprecated:  __autoload() is deprecated, use spl_autoload_register() instead in /srv/www/wp-boilerplate/htdocs/wp-includes/compat.php on line 502
[09-Oct-2018 14:53:49 UTC] PHP Deprecated:  __autoload() is deprecated, use spl_autoload_register() instead in /srv/www/wp-boilerplate/htdocs/wp-includes/compat.php on line 502
[09-Oct-2018 14:53:50 UTC] PHP Deprecated:  __autoload() is deprecated, use spl_autoload_register() instead in /srv/www/wp-boilerplate/htdocs/wp-includes/compat.php on line 502
[09-Oct-2018 15:27:53 UTC] PHP Deprecated:  __autoload() is deprecated, use spl_autoload_register() instead in /srv/www/wp-boilerplate/htdocs/wp-includes/compat.php on line 502
[09-Oct-2018 15:27:54 UTC] PHP Deprecated:  __autoload() is deprecated, use spl_autoload_register() instead in /srv/www/wp-boilerplate/htdocs/wp-includes/compat.php on line 502
[09-Oct-2018 15:27:59 UTC] PHP Deprecated:  __autoload() is deprecated, use spl_autoload_register() instead in /srv/www/wp-boilerplate/htdocs/wp-includes/compat.php on line 502
[09-Oct-2018 15:28:00 UTC] PHP Deprecated:  __autoload() is deprecated, use spl_autoload_register() instead in /srv/www/wp-boilerplate/htdocs/wp-includes/compat.php on line 502
[09-Oct-2018 15:28:01 UTC] PHP Deprecated:  __autoload() is deprecated, use spl_autoload_register() instead in /srv/www/wp-boilerplate/htdocs/wp-includes/compat.php on line 502
[09-Oct-2018 15:28:01 UTC] PHP Deprecated:  __autoload() is deprecated, use spl_autoload_register() instead in /srv/www/wp-boilerplate/htdocs/wp-includes/compat.php on line 502
[09-Oct-2018 15:28:02 UTC] PHP Deprecated:  __autoload() is deprecated, use spl_autoload_register() instead in /srv/www/wp-boilerplate/htdocs/wp-includes/compat.php on line 502
[09-Oct-2018 15:28:03 UTC] PHP Deprecated:  __autoload() is deprecated, use spl_autoload_register() instead in /srv/www/wp-boilerplate/htdocs/wp-includes/compat.php on line 502
[09-Oct-2018 15:28:04 UTC] PHP Deprecated:  __autoload() is deprecated, use spl_autoload_register() instead in /srv/www/wp-boilerplate/htdocs/wp-includes/compat.php on line 502
[09-Oct-2018 15:28:05 UTC] PHP Deprecated:  __autoload() is deprecated, use spl_autoload_register() instead in /srv/www/wp-boilerplate/htdocs/wp-includes/compat.php on line 502
[08-Nov-2018 15:31:12 UTC] PHP Deprecated:  __autoload() is deprecated, use spl_autoload_register() instead in /srv/www/wp-boilerplate/htdocs/wp-includes/compat.php on line 502
[08-Nov-2018 15:31:13 UTC] PHP Deprecated:  __autoload() is deprecated, use spl_autoload_register() instead in /srv/www/wp-boilerplate/htdocs/wp-includes/compat.php on line 502
[08-Nov-2018 15:31:19 UTC] PHP Deprecated:  __autoload() is deprecated, use spl_autoload_register() instead in /srv/www/wp-boilerplate/htdocs/wp-includes/compat.php on line 502
[08-Nov-2018 15:31:20 UTC] PHP Deprecated:  __autoload() is deprecated, use spl_autoload_register() instead in /srv/www/wp-boilerplate/htdocs/wp-includes/compat.php on line 502
[08-Nov-2018 15:31:20 UTC] PHP Deprecated:  __autoload() is deprecated, use spl_autoload_register() instead in /srv/www/wp-boilerplate/htdocs/wp-includes/compat.php on line 502
[08-Nov-2018 15:31:21 UTC] PHP Deprecated:  __autoload() is deprecated, use spl_autoload_register() instead in /srv/www/wp-boilerplate/htdocs/wp-includes/compat.php on line 502
[08-Nov-2018 15:31:22 UTC] PHP Deprecated:  __autoload() is deprecated, use spl_autoload_register() instead in /srv/www/wp-boilerplate/htdocs/wp-includes/compat.php on line 502
[08-Nov-2018 15:31:23 UTC] PHP Deprecated:  __autoload() is deprecated, use spl_autoload_register() instead in /srv/www/wp-boilerplate/htdocs/wp-includes/compat.php on line 502
[08-Nov-2018 15:31:23 UTC] PHP Deprecated:  __autoload() is deprecated, use spl_autoload_register() instead in /srv/www/wp-boilerplate/htdocs/wp-includes/compat.php on line 502
[08-Nov-2018 15:31:24 UTC] PHP Deprecated:  __autoload() is deprecated, use spl_autoload_register() instead in /srv/www/wp-boilerplate/htdocs/wp-includes/compat.php on line 502
[10-Dec-2018 19:07:15 UTC] PHP Deprecated:  __autoload() is deprecated, use spl_autoload_register() instead in /srv/www/wp-boilerplate/htdocs/wp-includes/compat.php on line 502
[10-Dec-2018 19:07:16 UTC] PHP Deprecated:  __autoload() is deprecated, use spl_autoload_register() instead in /srv/www/wp-boilerplate/htdocs/wp-includes/compat.php on line 502
[10-Dec-2018 19:07:23 UTC] PHP Deprecated:  __autoload() is deprecated, use spl_autoload_register() instead in /srv/www/wp-boilerplate/htdocs/wp-includes/compat.php on line 502
[10-Dec-2018 19:07:23 UTC] PHP Deprecated:  __autoload() is deprecated, use spl_autoload_register() instead in /srv/www/wp-boilerplate/htdocs/wp-includes/compat.php on line 502
[10-Dec-2018 19:07:24 UTC] PHP Deprecated:  __autoload() is deprecated, use spl_autoload_register() instead in /srv/www/wp-boilerplate/htdocs/wp-includes/compat.php on line 502
[10-Dec-2018 19:07:25 UTC] PHP Deprecated:  __autoload() is deprecated, use spl_autoload_register() instead in /srv/www/wp-boilerplate/htdocs/wp-includes/compat.php on line 502
[10-Dec-2018 19:07:26 UTC] PHP Deprecated:  __autoload() is deprecated, use spl_autoload_register() instead in /srv/www/wp-boilerplate/htdocs/wp-includes/compat.php on line 502
[10-Dec-2018 19:07:26 UTC] PHP Deprecated:  __autoload() is deprecated, use spl_autoload_register() instead in /srv/www/wp-boilerplate/htdocs/wp-includes/compat.php on line 502
[10-Dec-2018 19:07:27 UTC] PHP Deprecated:  __autoload() is deprecated, use spl_autoload_register() instead in /srv/www/wp-boilerplate/htdocs/wp-includes/compat.php on line 502
[10-Dec-2018 19:07:28 UTC] PHP Deprecated:  __autoload() is deprecated, use spl_autoload_register() instead in /srv/www/wp-boilerplate/htdocs/wp-includes/compat.php on line 502
[10-Dec-2018 19:15:49 UTC] PHP Deprecated:  __autoload() is deprecated, use spl_autoload_register() instead in /srv/www/wp-boilerplate/htdocs/wp-includes/compat.php on line 502
[10-Dec-2018 19:15:49 UTC] PHP Deprecated:  __autoload() is deprecated, use spl_autoload_register() instead in /srv/www/wp-boilerplate/htdocs/wp-includes/compat.php on line 502
[10-Dec-2018 19:15:53 UTC] PHP Deprecated:  __autoload() is deprecated, use spl_autoload_register() instead in /srv/www/wp-boilerplate/htdocs/wp-includes/compat.php on line 502
[10-Dec-2018 19:15:54 UTC] PHP Deprecated:  __autoload() is deprecated, use spl_autoload_register() instead in /srv/www/wp-boilerplate/htdocs/wp-includes/compat.php on line 502
[10-Dec-2018 19:15:55 UTC] PHP Deprecated:  __autoload() is deprecated, use spl_autoload_register() instead in /srv/www/wp-boilerplate/htdocs/wp-includes/compat.php on line 502
[10-Dec-2018 19:15:56 UTC] PHP Deprecated:  __autoload() is deprecated, use spl_autoload_register() instead in /srv/www/wp-boilerplate/htdocs/wp-includes/compat.php on line 502
[10-Dec-2018 19:15:57 UTC] PHP Deprecated:  __autoload() is deprecated, use spl_autoload_register() instead in /srv/www/wp-boilerplate/htdocs/wp-includes/compat.php on line 502
[10-Dec-2018 19:15:58 UTC] PHP Deprecated:  __autoload() is deprecated, use spl_autoload_register() instead in /srv/www/wp-boilerplate/htdocs/wp-includes/compat.php on line 502
[10-Dec-2018 19:15:59 UTC] PHP Deprecated:  __autoload() is deprecated, use spl_autoload_register() instead in /srv/www/wp-boilerplate/htdocs/wp-includes/compat.php on line 502
[10-Dec-2018 19:16:00 UTC] PHP Deprecated:  __autoload() is deprecated, use spl_autoload_register() instead in /srv/www/wp-boilerplate/htdocs/wp-includes/compat.php on line 502
[18-Dec-2018 16:37:09 UTC] PHP Deprecated:  __autoload() is deprecated, use spl_autoload_register() instead in /srv/www/wp-boilerplate/htdocs/wp-includes/compat.php on line 502
[18-Dec-2018 16:37:56 UTC] PHP Deprecated:  The each() function is deprecated. This message will be suppressed on further calls in /srv/www/wp-boilerplate/htdocs/wp-admin/includes/class-wp-upgrader.php on line 361
[18-Dec-2018 16:38:00 UTC] PHP Deprecated:  The each() function is deprecated. This message will be suppressed on further calls in /srv/www/wp-boilerplate/htdocs/wp-admin/includes/class-wp-upgrader.php on line 361
[18-Dec-2018 16:38:04 UTC] PHP Deprecated:  The each() function is deprecated. This message will be suppressed on further calls in /srv/www/wp-boilerplate/htdocs/wp-admin/includes/class-wp-upgrader.php on line 361
[18-Dec-2018 16:38:07 UTC] PHP Deprecated:  The each() function is deprecated. This message will be suppressed on further calls in /srv/www/wp-boilerplate/htdocs/wp-admin/includes/class-wp-upgrader.php on line 361
[18-Dec-2018 16:38:10 UTC] PHP Deprecated:  The each() function is deprecated. This message will be suppressed on further calls in /srv/www/wp-boilerplate/htdocs/wp-admin/includes/class-wp-upgrader.php on line 361
[18-Dec-2018 16:38:15 UTC] PHP Deprecated:  The each() function is deprecated. This message will be suppressed on further calls in /srv/www/wp-boilerplate/htdocs/wp-admin/includes/class-wp-upgrader.php on line 361
[18-Dec-2018 16:38:21 UTC] PHP Deprecated:  The each() function is deprecated. This message will be suppressed on further calls in /srv/www/wp-boilerplate/htdocs/wp-admin/includes/class-wp-upgrader.php on line 361
[18-Dec-2018 16:39:10 UTC] PHP Deprecated:  The each() function is deprecated. This message will be suppressed on further calls in /srv/www/wp-boilerplate/htdocs/wp-admin/includes/class-wp-upgrader.php on line 361
[18-Dec-2018 16:39:44 UTC] PHP Deprecated:  The each() function is deprecated. This message will be suppressed on further calls in /srv/www/wp-boilerplate/htdocs/wp-admin/includes/class-wp-upgrader.php on line 361
[18-Dec-2018 16:39:50 UTC] PHP Deprecated:  The each() function is deprecated. This message will be suppressed on further calls in /srv/www/wp-boilerplate/htdocs/wp-admin/includes/class-wp-upgrader.php on line 361
[18-Dec-2018 18:02:11 UTC] PHP Notice:  edit_form_advanced is <strong>deprecated</strong> since version 5.0.0! Use block_editor_meta_box_hidden_fields instead. This action is still supported in the classic editor, but is deprecated in the block editor. in /srv/www/wp-boilerplate/htdocs/wp-includes/functions.php on line 4147
[18-Dec-2018 18:02:37 UTC] PHP Notice:  edit_form_advanced is <strong>deprecated</strong> since version 5.0.0! Use block_editor_meta_box_hidden_fields instead. This action is still supported in the classic editor, but is deprecated in the block editor. in /srv/www/wp-boilerplate/htdocs/wp-includes/functions.php on line 4147
[18-Dec-2018 18:03:03 UTC] PHP Notice:  edit_form_advanced is <strong>deprecated</strong> since version 5.0.0! Use block_editor_meta_box_hidden_fields instead. This action is still supported in the classic editor, but is deprecated in the block editor. in /srv/www/wp-boilerplate/htdocs/wp-includes/functions.php on line 4147
